  voxel_data.cpp
F:\Data\Projects\C++OpenGL\NewbieProjects\TryingMinecraft\src\game\voxel_data.hpp(8,10): fatal error C1083: Cannot open include file: 'GLFW/glfw3.h': No such file or directory
  chunk.cpp
F:\Data\Projects\C++OpenGL\NewbieProjects\TryingMinecraft\src\game\world\coordinate.hpp(3,10): fatal error C1083: Cannot open include file: 'glm/glm.hpp': No such file or directory
  chunk_manager.cpp
F:\Data\Projects\C++OpenGL\NewbieProjects\TryingMinecraft\src\game\world\coordinate.hpp(3,10): fatal error C1083: Cannot open include file: 'glm/glm.hpp': No such file or directory
  chunk_mesh.cpp
F:\Data\Projects\C++OpenGL\NewbieProjects\TryingMinecraft\src\game\world\chunk_mesh.hpp(8,10): fatal error C1083: Cannot open include file: 'GLFW/glfw3.h': No such file or directory
  chunk_mesh_builder.cpp
F:\Data\Projects\C++OpenGL\NewbieProjects\TryingMinecraft\src\game\world\chunk_mesh.hpp(8,10): fatal error C1083: Cannot open include file: 'GLFW/glfw3.h': No such file or directory
  coordinate.cpp
F:\Data\Projects\C++OpenGL\NewbieProjects\TryingMinecraft\src\game\world\coordinate.hpp(3,10): fatal error C1083: Cannot open include file: 'glm/glm.hpp': No such file or directory
  shader.cpp
F:\Data\Projects\C++OpenGL\NewbieProjects\TryingMinecraft\src\gl\Shader.hpp(3,10): fatal error C1083: Cannot open include file: 'glad/glad.h': No such file or directory
  vertex_array.cpp
F:\Data\Projects\C++OpenGL\NewbieProjects\TryingMinecraft\src\gl\vertex_array.hpp(4,10): fatal error C1083: Cannot open include file: 'glad/glad.h': No such file or directory
  keyboard.cpp
F:\Data\Projects\C++OpenGL\NewbieProjects\TryingMinecraft\src\input\keyboard.hpp(5,10): fatal error C1083: Cannot open include file: 'glad/glad.h': No such file or directory
  main.cpp
F:\Data\Projects\C++OpenGL\NewbieProjects\TryingMinecraft\src\main.cpp(3,10): fatal error C1083: Cannot open include file: 'glm/glm.hpp': No such file or directory
  window.cpp
F:\Data\Projects\C++OpenGL\NewbieProjects\TryingMinecraft\src\window.hpp(5,10): fatal error C1083: Cannot open include file: 'glad/glad.h': No such file or directory
